
==== Script started @ 2025-12-24 16:47:11 ====

Running as Administrator.
Script is running from Terminal.
Hotspot is active -> disabling...
Hotspot disabled


==== Script started @ 2025-12-24 16:47:27 ====

Running as Administrator.
Script is running from Terminal.
Wi-Fi radio is already OFF; proceeding to start Hotspot.
Hotspot is inactive -> enabling now...
Hotspot enabled


==== Script started @ 2025-12-25 00:13:39 ====

Running as Administrator.
Script is running from Task Scheduler. Delaying execution for 30 seconds.
Wi-Fi radio is currently ON -> forcing ‘radio OFF’ via Hotspot hack...
  -> temporary hotspot started
  -> temporary hotspot stopped; Wi-Fi radio should now be OFF
Failed to switch Wi-Fi radio to OFF. Aborting hotspot start.


==== Script started @ 2025-12-25 00:15:05 ====

Running as Administrator.
Script is running from Terminal.
Wi-Fi radio is currently ON -> forcing ‘radio OFF’ via Hotspot hack...
  -> temporary hotspot started
  -> temporary hotspot stopped; Wi-Fi radio should now be OFF
Failed to switch Wi-Fi radio to OFF. Aborting hotspot start.


==== Script started @ 2025-12-25 07:48:47 ====

Running as Administrator.
Script is running from Task Scheduler. Delaying execution for 30 seconds.
Wi-Fi radio is currently ON -> forcing ‘radio OFF’ via Hotspot hack...
  -> temporary hotspot started
  -> temporary hotspot stopped; Wi-Fi radio should now be OFF
Failed to switch Wi-Fi radio to OFF. Aborting hotspot start.


==== Script started @ 2025-12-25 15:28:38 ====

Running as Administrator.
Script is running from Terminal.
Performing Wi-Fi radio reset to fix internet routing...
Switching Wi-Fi radio to Off...
Switching Wi-Fi radio to On...
Restarting WiFi adapter...
WiFi restart complete
Enabling Hotspot...
Hotspot enabled successfully!


==== Script started @ 2025-12-25 15:30:08 ====

Running as Administrator.
Script is running from Terminal.
Hotspot is active -> disabling...
Hotspot disabled

==== Script started @ 2025-12-25 16:09:35 ====
Resetting Radio for Win10 Routing Fix...
Radio: Off
Radio: On
Restarting Adapter: Wi-Fi
Enabling Hotspot...
Success!
==== Done ====
==== Script started @ 2025-12-25 17:54:25 ====
Task Scheduler: Waiting 30 sec...
Resetting Radio for Win10 Routing Fix...
Radio: Off
Radio: On
Restarting Adapter: Wi-Fi
Enabling Hotspot...
Success!
==== Done ====
==== Script started @ 2025-12-25 17:58:45 ====
Task Scheduler: Waiting 30 sec...
Resetting Radio for Win10 Routing Fix...
Radio: Off
Radio: On
Restarting Adapter: Wi-Fi
Enabling Hotspot...
Success!
==== Done ====
==== Script started @ 2025-12-26 09:26:53 ====
Task Scheduler: Waiting 30 sec...
Resetting Radio for Win10 Routing Fix...
Radio: Off
Radio: On
Restarting Adapter: Wi-Fi
Enabling Hotspot...
==== Done ====
==== Script started @ 2025-12-26 11:01:42 ====
==== Script started @ 2025-12-26 11:01:43 ====
Resetting Radio for Win10 Routing Fix...
Radio: Off
Radio: On
Restarting Adapter: Local Area Connection* 2
Enabling Hotspot...
Success!
==== Done ====
[2025-12-27 02:29:25] ==== Script Execution Initiated ====
[2025-12-27 02:29:28] Background mode: Delaying 30 sec for system stability...
[2025-12-27 02:30:23] Resetting Radio for Win10 Routing Fix...
[2025-12-27 02:30:23] Radio: Off
[2025-12-27 02:30:25] Radio: On
[2025-12-27 02:30:31] Restarting Adapter: Wi-Fi
[2025-12-27 02:30:37] Enabling Hotspot...
[2025-12-27 02:30:42] Success! Hotspot is active.
[2025-12-27 02:30:43] ==== Done ====
[2025-12-27 05:24:07] ==== Script Execution Initiated ====
[2025-12-27 05:24:09] Background mode: Delaying 30 sec for system stability...
[2025-12-27 05:24:40] Resetting Radio for Win10 Routing Fix...
[2025-12-27 05:24:40] Radio: Off
[2025-12-27 05:24:42] Radio: On
[2025-12-27 05:24:48] Restarting Adapter: Wi-Fi
[2025-12-27 05:24:53] Enabling Hotspot...
[2025-12-27 05:24:53] Success! Hotspot is active.
[2025-12-27 05:24:54] ==== Done ====
[2025-12-28 13:31:32] ==== Script Execution Initiated ====
[2025-12-28 13:31:35] Background mode: Delaying 30 sec for system stability...
[2025-12-28 13:32:05] Resetting Radio for Win10 Routing Fix...
[2025-12-28 13:32:05] Radio: Off
[2025-12-28 13:32:07] Radio: On
[2025-12-28 13:32:13] Restarting Adapter: Wi-Fi
[2025-12-28 13:32:18] Enabling Hotspot...
[2025-12-28 13:32:23] Success! Hotspot is active.
[2025-12-28 13:32:24] ==== Done ====
[2025-12-29 09:50:44] ==== Script Execution Initiated ====
[2025-12-29 09:50:47] Background mode: Delaying 30 sec for system stability...
[2025-12-29 09:51:38] Resetting Radio for Win10 Routing Fix...
[2025-12-29 09:51:38] Radio: Off
[2025-12-29 09:51:40] Radio: On
[2025-12-29 09:51:46] Restarting Adapter: Wi-Fi
[2025-12-29 09:51:51] Enabling Hotspot...
[2025-12-29 09:51:51] Success! Hotspot is active.
[2025-12-29 09:51:55] ==== Done ====
[2025-12-30 09:13:44] ==== Script Execution Initiated ====
[2025-12-30 09:13:44] Script Version: 1.0.12
[2025-12-30 09:13:44] ==== Script Execution Initiated ====
[2025-12-30 09:13:44] Script Version: 1.0.12
[2025-12-30 09:13:45] Hotspot ON -> Disabling...
[2025-12-30 09:13:48] ==== Done ====
[2025-12-30 09:13:55] ==== Script Execution Initiated ====
[2025-12-30 09:13:55] Script Version: 1.0.12
[2025-12-30 09:13:56] ==== Script Execution Initiated ====
[2025-12-30 09:13:56] Script Version: 1.0.12
[2025-12-30 09:13:57] Resetting Radio for Win10 Routing Fix...
[2025-12-30 09:13:57] Radio: Off
[2025-12-30 09:13:59] Radio: On
[2025-12-30 09:14:05] Enabling Hotspot...
[2025-12-30 09:14:11] Success! Hotspot is active.
[2025-12-30 09:14:11] ==== Done ====
